=== 2026-03-06T20:58:01+00:00 update start ===
user=root host=lxc-tunnel-dockers
repo=/opt/web-projects/aninsohbeti

=== git fetch ===
Fetching origin

=== git status ===
## master...origin/master
 M README.md
 M cypress/e2e/chat.cy.js
D  node_modules/.bin/mime
D  node_modules/.package-lock.json
D  node_modules/@socket.io/component-emitter/LICENSE
D  node_modules/@socket.io/component-emitter/Readme.md
D  node_modules/@socket.io/component-emitter/lib/cjs/index.d.ts
D  node_modules/@socket.io/component-emitter/lib/cjs/index.js
D  node_modules/@socket.io/component-emitter/lib/cjs/package.json
D  node_modules/@socket.io/component-emitter/lib/esm/index.d.ts
D  node_modules/@socket.io/component-emitter/lib/esm/index.js
D  node_modules/@socket.io/component-emitter/lib/esm/package.json
D  node_modules/@socket.io/component-emitter/package.json
D  node_modules/@types/cors/LICENSE
D  node_modules/@types/cors/README.md
D  node_modules/@types/cors/index.d.ts
D  node_modules/@types/cors/package.json
D  node_modules/@types/node/LICENSE
D  node_modules/@types/node/README.md
D  node_modules/@types/node/assert.d.ts
D  node_modules/@types/node/assert/strict.d.ts
D  node_modules/@types/node/async_hooks.d.ts
D  node_modules/@types/node/buffer.buffer.d.ts
D  node_modules/@types/node/buffer.d.ts
D  node_modules/@types/node/child_process.d.ts
D  node_modules/@types/node/cluster.d.ts
D  node_modules/@types/node/compatibility/iterators.d.ts
D  node_modules/@types/node/console.d.ts
D  node_modules/@types/node/constants.d.ts
D  node_modules/@types/node/crypto.d.ts
D  node_modules/@types/node/dgram.d.ts
D  node_modules/@types/node/diagnostics_channel.d.ts
D  node_modules/@types/node/dns.d.ts
D  node_modules/@types/node/dns/promises.d.ts
D  node_modules/@types/node/domain.d.ts
D  node_modules/@types/node/events.d.ts
D  node_modules/@types/node/fs.d.ts
D  node_modules/@types/node/fs/promises.d.ts
D  node_modules/@types/node/globals.d.ts
D  node_modules/@types/node/globals.typedarray.d.ts
D  node_modules/@types/node/http.d.ts
D  node_modules/@types/node/http2.d.ts
D  node_modules/@types/node/https.d.ts
D  node_modules/@types/node/index.d.ts
D  node_modules/@types/node/inspector.d.ts
D  node_modules/@types/node/inspector.generated.d.ts
D  node_modules/@types/node/module.d.ts
D  node_modules/@types/node/net.d.ts
D  node_modules/@types/node/os.d.ts
D  node_modules/@types/node/package.json
D  node_modules/@types/node/path.d.ts
D  node_modules/@types/node/perf_hooks.d.ts
D  node_modules/@types/node/process.d.ts
D  node_modules/@types/node/punycode.d.ts
D  node_modules/@types/node/querystring.d.ts
D  node_modules/@types/node/readline.d.ts
D  node_modules/@types/node/readline/promises.d.ts
D  node_modules/@types/node/repl.d.ts
D  node_modules/@types/node/sea.d.ts
D  node_modules/@types/node/sqlite.d.ts
D  node_modules/@types/node/stream.d.ts
D  node_modules/@types/node/stream/consumers.d.ts
D  node_modules/@types/node/stream/promises.d.ts
D  node_modules/@types/node/stream/web.d.ts
D  node_modules/@types/node/string_decoder.d.ts
D  node_modules/@types/node/test.d.ts
D  node_modules/@types/node/timers.d.ts
D  node_modules/@types/node/timers/promises.d.ts
D  node_modules/@types/node/tls.d.ts
D  node_modules/@types/node/trace_events.d.ts
D  node_modules/@types/node/ts5.6/buffer.buffer.d.ts
D  node_modules/@types/node/ts5.6/compatibility/float16array.d.ts
D  node_modules/@types/node/ts5.6/globals.typedarray.d.ts
D  node_modules/@types/node/ts5.6/index.d.ts
D  node_modules/@types/node/ts5.7/compatibility/float16array.d.ts
D  node_modules/@types/node/ts5.7/index.d.ts
D  node_modules/@types/node/tty.d.ts
D  node_modules/@types/node/url.d.ts
D  node_modules/@types/node/util.d.ts
D  node_modules/@types/node/v8.d.ts
D  node_modules/@types/node/vm.d.ts
D  node_modules/@types/node/wasi.d.ts
D  node_modules/@types/node/web-globals/abortcontroller.d.ts
D  node_modules/@types/node/web-globals/domexception.d.ts
D  node_modules/@types/node/web-globals/events.d.ts
D  node_modules/@types/node/web-globals/fetch.d.ts
D  node_modules/@types/node/web-globals/navigator.d.ts
D  node_modules/@types/node/web-globals/storage.d.ts
D  node_modules/@types/node/worker_threads.d.ts
D  node_modules/@types/node/zlib.d.ts
D  node_modules/accepts/HISTORY.md
D  node_modules/accepts/LICENSE
D  node_modules/accepts/README.md
D  node_modules/accepts/index.js
D  node_modules/accepts/package.json
D  node_modules/array-flatten/LICENSE
D  node_modules/array-flatten/README.md
D  node_modules/array-flatten/array-flatten.js
D  node_modules/array-flatten/package.json
D  node_modules/base64id/CHANGELOG.md
D  node_modules/base64id/LICENSE
D  node_modules/base64id/README.md
D  node_modules/base64id/lib/base64id.js
D  node_modules/base64id/package.json
D  node_modules/body-parser/HISTORY.md
D  node_modules/body-parser/LICENSE
D  node_modules/body-parser/README.md
D  node_modules/body-parser/SECURITY.md
D  node_modules/body-parser/index.js
D  node_modules/body-parser/lib/read.js
D  node_modules/body-parser/lib/types/json.js
D  node_modules/body-parser/lib/types/raw.js
D  node_modules/body-parser/lib/types/text.js
D  node_modules/body-parser/lib/types/urlencoded.js
D  node_modules/body-parser/package.json
D  node_modules/bytes/History.md
D  node_modules/bytes/LICENSE
D  node_modules/bytes/Readme.md
D  node_modules/bytes/index.js
D  node_modules/bytes/package.json
D  node_modules/call-bind-apply-helpers/.eslintrc
D  node_modules/call-bind-apply-helpers/.github/FUNDING.yml
D  node_modules/call-bind-apply-helpers/.nycrc
D  node_modules/call-bind-apply-helpers/CHANGELOG.md
D  node_modules/call-bind-apply-helpers/LICENSE
D  node_modules/call-bind-apply-helpers/README.md
D  node_modules/call-bind-apply-helpers/actualApply.d.ts
D  node_modules/call-bind-apply-helpers/actualApply.js
D  node_modules/call-bind-apply-helpers/applyBind.d.ts
D  node_modules/call-bind-apply-helpers/applyBind.js
D  node_modules/call-bind-apply-helpers/functionApply.d.ts
D  node_modules/call-bind-apply-helpers/functionApply.js
D  node_modules/call-bind-apply-helpers/functionCall.d.ts
D  node_modules/call-bind-apply-helpers/functionCall.js
D  node_modules/call-bind-apply-helpers/index.d.ts
D  node_modules/call-bind-apply-helpers/index.js
D  node_modules/call-bind-apply-helpers/package.json
D  node_modules/call-bind-apply-helpers/reflectApply.d.ts
D  node_modules/call-bind-apply-helpers/reflectApply.js
D  node_modules/call-bind-apply-helpers/test/index.js
D  node_modules/call-bind-apply-helpers/tsconfig.json
D  node_modules/call-bound/.eslintrc
D  node_modules/call-bound/.github/FUNDING.yml
D  node_modules/call-bound/.nycrc
D  node_modules/call-bound/CHANGELOG.md
D  node_modules/call-bound/LICENSE
D  node_modules/call-bound/README.md
D  node_modules/call-bound/index.d.ts
D  node_modules/call-bound/index.js
D  node_modules/call-bound/package.json
D  node_modules/call-bound/test/index.js
D  node_modules/call-bound/tsconfig.json
D  node_modules/content-disposition/HISTORY.md
D  node_modules/content-disposition/LICENSE
D  node_modules/content-disposition/README.md
D  node_modules/content-disposition/index.js
D  node_modules/content-disposition/package.json
D  node_modules/content-type/HISTORY.md
D  node_modules/content-type/LICENSE
D  node_modules/content-type/README.md
D  node_modules/content-type/index.js
D  node_modules/content-type/package.json
D  node_modules/cookie-signature/.npmignore
D  node_modules/cookie-signature/History.md
D  node_modules/cookie-signature/Readme.md
D  node_modules/cookie-signature/index.js
D  node_modules/cookie-signature/package.json
D  node_modules/cookie/LICENSE
D  node_modules/cookie/README.md
D  node_modules/cookie/SECURITY.md
D  node_modules/cookie/index.js
D  node_modules/cookie/package.json
D  node_modules/cors/CONTRIBUTING.md
D  node_modules/cors/HISTORY.md
D  node_modules/cors/LICENSE
D  node_modules/cors/README.md
D  node_modules/cors/lib/index.js
D  node_modules/cors/package.json
D  node_modules/debug/.coveralls.yml
D  node_modules/debug/.eslintrc
D  node_modules/debug/.npmignore
D  node_modules/debug/.travis.yml
D  node_modules/debug/CHANGELOG.md
D  node_modules/debug/LICENSE
D  node_modules/debug/Makefile
D  node_modules/debug/README.md
D  node_modules/debug/component.json
D  node_modules/debug/karma.conf.js
D  node_modules/debug/node.js
D  node_modules/debug/package.json
D  node_modules/debug/src/browser.js
D  node_modules/debug/src/debug.js
D  node_modules/debug/src/index.js
D  node_modules/debug/src/inspector-log.js
D  node_modules/debug/src/node.js
D  node_modules/depd/History.md
D  node_modules/depd/LICENSE
D  node_modules/depd/Readme.md
D  node_modules/depd/index.js
D  node_modules/depd/lib/browser/index.js
D  node_modules/depd/package.json
D  node_modules/destroy/LICENSE
D  node_modules/destroy/README.md
D  node_modules/destroy/index.js
D  node_modules/destroy/package.json
D  node_modules/dunder-proto/.eslintrc
D  node_modules/dunder-proto/.github/FUNDING.yml
D  node_modules/dunder-proto/.nycrc
D  node_modules/dunder-proto/CHANGELOG.md
D  node_modules/dunder-proto/LICENSE
D  node_modules/dunder-proto/README.md
D  node_modules/dunder-proto/get.d.ts
D  node_modules/dunder-proto/get.js
D  node_modules/dunder-proto/package.json
D  node_modules/dunder-proto/set.d.ts
D  node_modules/dunder-proto/set.js
D  node_modules/dunder-proto/test/get.js
D  node_modules/dunder-proto/test/index.js
D  node_modules/dunder-proto/test/set.js
D  node_modules/dunder-proto/tsconfig.json
D  node_modules/ee-first/LICENSE
D  node_modules/ee-first/README.md
D  node_modules/ee-first/index.js
D  node_modules/ee-first/package.json
D  node_modules/encodeurl/LICENSE
D  node_modules/encodeurl/README.md
D  node_modules/encodeurl/index.js
D  node_modules/encodeurl/package.json
D  node_modules/engine.io-parser/LICENSE
D  node_modules/engine.io-parser/Readme.md
D  node_modules/engine.io-parser/build/cjs/commons.d.ts
D  node_modules/engine.io-parser/build/cjs/commons.js
D  node_modules/engine.io-parser/build/cjs/contrib/base64-arraybuffer.d.ts
D  node_modules/engine.io-parser/build/cjs/contrib/base64-arraybuffer.js
D  node_modules/engine.io-parser/build/cjs/decodePacket.browser.d.ts
D  node_modules/engine.io-parser/build/cjs/decodePacket.browser.js
D  node_modules/engine.io-parser/build/cjs/decodePacket.d.ts
D  node_modules/engine.io-parser/build/cjs/decodePacket.js
D  node_modules/engine.io-parser/build/cjs/encodePacket.browser.d.ts
D  node_modules/engine.io-parser/build/cjs/encodePacket.browser.js
D  node_modules/engine.io-parser/build/cjs/encodePacket.d.ts
D  node_modules/engine.io-parser/build/cjs/encodePacket.js
D  node_modules/engine.io-parser/build/cjs/index.d.ts
D  node_modules/engine.io-parser/build/cjs/index.js
D  node_modules/engine.io-parser/build/cjs/package.json
D  node_modules/engine.io-parser/build/esm/commons.d.ts
D  node_modules/engine.io-parser/build/esm/commons.js
D  node_modules/engine.io-parser/build/esm/contrib/base64-arraybuffer.d.ts
D  node_modules/engine.io-parser/build/esm/contrib/base64-arraybuffer.js
D  node_modules/engine.io-parser/build/esm/decodePacket.browser.d.ts
D  node_modules/engine.io-parser/build/esm/decodePacket.browser.js
D  node_modules/engine.io-parser/build/esm/decodePacket.d.ts
D  node_modules/engine.io-parser/build/esm/decodePacket.js
D  node_modules/engine.io-parser/build/esm/encodePacket.browser.d.ts
D  node_modules/engine.io-parser/build/esm/encodePacket.browser.js
D  node_modules/engine.io-parser/build/esm/encodePacket.d.ts
D  node_modules/engine.io-parser/build/esm/encodePacket.js
D  node_modules/engine.io-parser/build/esm/index.d.ts
D  node_modules/engine.io-parser/build/esm/index.js
D  node_modules/engine.io-parser/build/esm/package.json
D  node_modules/engine.io-parser/package.json
D  node_modules/engine.io/LICENSE
D  node_modules/engine.io/README.md
D  node_modules/engine.io/build/contrib/types.cookie.d.ts
D  node_modules/engine.io/build/contrib/types.cookie.js
D  node_modules/engine.io/build/engine.io.d.ts
D  node_modules/engine.io/build/engine.io.js
D  node_modules/engine.io/build/parser-v3/index.d.ts
D  node_modules/engine.io/build/parser-v3/index.js
D  node_modules/engine.io/build/parser-v3/utf8.d.ts
D  node_modules/engine.io/build/parser-v3/utf8.js
D  node_modules/engine.io/build/server.d.ts
D  node_modules/engine.io/build/server.js
D  node_modules/engine.io/build/socket.d.ts
D  node_modules/engine.io/build/socket.js
D  node_modules/engine.io/build/transport.d.ts
D  node_modules/engine.io/build/transport.js
D  node_modules/engine.io/build/transports-uws/index.d.ts
D  node_modules/engine.io/build/transports-uws/index.js
D  node_modules/engine.io/build/transports-uws/polling.d.ts
D  node_modules/engine.io/build/transports-uws/polling.js
D  node_modules/engine.io/build/transports-uws/websocket.d.ts
D  node_modules/engine.io/build/transports-uws/websocket.js
D  node_modules/engine.io/build/transports/index.d.ts
D  node_modules/engine.io/build/transports/index.js
D  node_modules/engine.io/build/transports/polling-jsonp.d.ts
D  node_modules/engine.io/build/transports/polling-jsonp.js
D  node_modules/engine.io/build/transports/polling.d.ts
D  node_modules/engine.io/build/transports/polling.js
D  node_modules/engine.io/build/transports/websocket.d.ts
D  node_modules/engine.io/build/transports/websocket.js
D  node_modules/engine.io/build/transports/webtransport.d.ts
D  node_modules/engine.io/build/transports/webtransport.js
D  node_modules/engine.io/build/userver.d.ts
D  node_modules/engine.io/build/userver.js
D  node_modules/engine.io/node_modules/cookie/LICENSE
D  node_modules/engine.io/node_modules/cookie/README.md
D  node_modules/engine.io/node_modules/cookie/SECURITY.md
D  node_modules/engine.io/node_modules/cookie/index.js
D  node_modules/engine.io/node_modules/cookie/package.json
D  node_modules/engine.io/node_modules/debug/LICENSE
D  node_modules/engine.io/node_modules/debug/README.md
D  node_modules/engine.io/node_modules/debug/package.json
D  node_modules/engine.io/node_modules/debug/src/browser.js
D  node_modules/engine.io/node_modules/debug/src/common.js
D  node_modules/engine.io/node_modules/debug/src/index.js
D  node_modules/engine.io/node_modules/debug/src/node.js
D  node_modules/engine.io/node_modules/ms/index.js
D  node_modules/engine.io/node_modules/ms/license.md
D  node_modules/engine.io/node_modules/ms/package.json
D  node_modules/engine.io/node_modules/ms/readme.md
D  node_modules/engine.io/package.json
D  node_modules/engine.io/wrapper.mjs
D  node_modules/es-define-property/.eslintrc
D  node_modules/es-define-property/.github/FUNDING.yml
D  node_modules/es-define-property/.nycrc
D  node_modules/es-define-property/CHANGELOG.md
D  node_modules/es-define-property/LICENSE
D  node_modules/es-define-property/README.md
D  node_modules/es-define-property/index.d.ts
D  node_modules/es-define-property/index.js
D  node_modules/es-define-property/package.json
D  node_modules/es-define-property/test/index.js
D  node_modules/es-define-property/tsconfig.json
D  node_modules/es-errors/.eslintrc
D  node_modules/es-errors/.github/FUNDING.yml
D  node_modules/es-errors/CHANGELOG.md
D  node_modules/es-errors/LICENSE
D  node_modules/es-errors/README.md
D  node_modules/es-errors/eval.d.ts
D  node_modules/es-errors/eval.js
D  node_modules/es-errors/index.d.ts
D  node_modules/es-errors/index.js
D  node_modules/es-errors/package.json
D  node_modules/es-errors/range.d.ts
D  node_modules/es-errors/range.js
D  node_modules/es-errors/ref.d.ts
D  node_modules/es-errors/ref.js
D  node_modules/es-errors/syntax.d.ts
D  node_modules/es-errors/syntax.js
D  node_modules/es-errors/test/index.js
D  node_modules/es-errors/tsconfig.json
D  node_modules/es-errors/type.d.ts
D  node_modules/es-errors/type.js
D  node_modules/es-errors/uri.d.ts
D  node_modules/es-errors/uri.js
D  node_modules/es-object-atoms/.eslintrc
D  node_modules/es-object-atoms/.github/FUNDING.yml
D  node_modules/es-object-atoms/CHANGELOG.md
D  node_modules/es-object-atoms/LICENSE
D  node_modules/es-object-atoms/README.md
D  node_modules/es-object-atoms/RequireObjectCoercible.d.ts
D  node_modules/es-object-atoms/RequireObjectCoercible.js
D  node_modules/es-object-atoms/ToObject.d.ts
D  node_modules/es-object-atoms/ToObject.js
D  node_modules/es-object-atoms/index.d.ts
D  node_modules/es-object-atoms/index.js
D  node_modules/es-object-atoms/isObject.d.ts
D  node_modules/es-object-atoms/isObject.js
D  node_modules/es-object-atoms/package.json
D  node_modules/es-object-atoms/test/index.js
D  node_modules/es-object-atoms/tsconfig.json
D  node_modules/escape-html/LICENSE
D  node_modules/escape-html/Readme.md
D  node_modules/escape-html/index.js
D  node_modules/escape-html/package.json
D  node_modules/etag/HISTORY.md
D  node_modules/etag/LICENSE
D  node_modules/etag/README.md
D  node_modules/etag/index.js
D  node_modules/etag/package.json
D  node_modules/express/History.md
D  node_modules/express/LICENSE
D  node_modules/express/Readme.md
D  node_modules/express/index.js
D  node_modules/express/lib/application.js
D  node_modules/express/lib/express.js
D  node_modules/express/lib/middleware/init.js
D  node_modules/express/lib/middleware/query.js
D  node_modules/express/lib/request.js
D  node_modules/express/lib/response.js
D  node_modules/express/lib/router/index.js
D  node_modules/express/lib/router/layer.js
D  node_modules/express/lib/router/route.js
D  node_modules/express/lib/utils.js
D  node_modules/express/lib/view.js
D  node_modules/express/package.json
D  node_modules/finalhandler/HISTORY.md
D  node_modules/finalhandler/LICENSE
D  node_modules/finalhandler/README.md
D  node_modules/finalhandler/SECURITY.md
D  node_modules/finalhandler/index.js
D  node_modules/finalhandler/package.json
D  node_modules/forwarded/HISTORY.md
D  node_modules/forwarded/LICENSE
D  node_modules/forwarded/README.md
D  node_modules/forwarded/index.js
D  node_modules/forwarded/package.json
D  node_modules/fresh/HISTORY.md
D  node_modules/fresh/LICENSE
D  node_modules/fresh/README.md
D  node_modules/fresh/index.js
D  node_modules/fresh/package.json
D  node_modules/function-bind/.eslintrc
D  node_modules/function-bind/.github/FUNDING.yml
D  node_modules/function-bind/.github/SECURITY.md
D  node_modules/function-bind/.nycrc
D  node_modules/function-bind/CHANGELOG.md
D  node_modules/function-bind/LICENSE
D  node_modules/function-bind/README.md
D  node_modules/function-bind/implementation.js
D  node_modules/function-bind/index.js
D  node_modules/function-bind/package.json
D  node_modules/function-bind/test/.eslintrc
D  node_modules/function-bind/test/index.js
D  node_modules/get-intrinsic/.eslintrc
D  node_modules/get-intrinsic/.github/FUNDING.yml
D  node_modules/get-intrinsic/.nycrc
D  node_modules/get-intrinsic/CHANGELOG.md
D  node_modules/get-intrinsic/LICENSE
D  node_modules/get-intrinsic/README.md
D  node_modules/get-intrinsic/index.js
D  node_modules/get-intrinsic/package.json
D  node_modules/get-intrinsic/test/GetIntrinsic.js
D  node_modules/get-proto/.eslintrc
D  node_modules/get-proto/.github/FUNDING.yml
D  node_modules/get-proto/.nycrc
D  node_modules/get-proto/CHANGELOG.md
D  node_modules/get-proto/LICENSE
D  node_modules/get-proto/Object.getPrototypeOf.d.ts
D  node_modules/get-proto/Object.getPrototypeOf.js
D  node_modules/get-proto/README.md
D  node_modules/get-proto/Reflect.getPrototypeOf.d.ts
D  node_modules/get-proto/Reflect.getPrototypeOf.js
D  node_modules/get-proto/index.d.ts
D  node_modules/get-proto/index.js
D  node_modules/get-proto/package.json
D  node_modules/get-proto/test/index.js
D  node_modules/get-proto/tsconfig.json
D  node_modules/gopd/.eslintrc
D  node_modules/gopd/.github/FUNDING.yml
D  node_modules/gopd/CHANGELOG.md
D  node_modules/gopd/LICENSE
D  node_modules/gopd/README.md
D  node_modules/gopd/gOPD.d.ts
D  node_modules/gopd/gOPD.js
D  node_modules/gopd/index.d.ts
D  node_modules/gopd/index.js
D  node_modules/gopd/package.json
D  node_modules/gopd/test/index.js
D  node_modules/gopd/tsconfig.json
D  node_modules/has-symbols/.eslintrc
D  node_modules/has-symbols/.github/FUNDING.yml
D  node_modules/has-symbols/.nycrc
D  node_modules/has-symbols/CHANGELOG.md
D  node_modules/has-symbols/LICENSE
D  node_modules/has-symbols/README.md
D  node_modules/has-symbols/index.d.ts
D  node_modules/has-symbols/index.js
D  node_modules/has-symbols/package.json
D  node_modules/has-symbols/shams.d.ts
D  node_modules/has-symbols/shams.js
D  node_modules/has-symbols/test/index.js
D  node_modules/has-symbols/test/shams/core-js.js
D  node_modules/has-symbols/test/shams/get-own-property-symbols.js
D  node_modules/has-symbols/test/tests.js
D  node_modules/has-symbols/tsconfig.json
D  node_modules/hasown/.eslintrc
D  node_modules/hasown/.github/FUNDING.yml
D  node_modules/hasown/.nycrc
D  node_modules/hasown/CHANGELOG.md
D  node_modules/hasown/LICENSE
D  node_modules/hasown/README.md
D  node_modules/hasown/index.d.ts
D  node_modules/hasown/index.js
D  node_modules/hasown/package.json
D  node_modules/hasown/tsconfig.json
D  node_modules/http-errors/HISTORY.md
D  node_modules/http-errors/LICENSE
D  node_modules/http-errors/README.md
D  node_modules/http-errors/index.js
D  node_modules/http-errors/package.json
D  node_modules/iconv-lite/Changelog.md
D  node_modules/iconv-lite/LICENSE
D  node_modules/iconv-lite/README.md
D  node_modules/iconv-lite/encodings/dbcs-codec.js
D  node_modules/iconv-lite/encodings/dbcs-data.js
D  node_modules/iconv-lite/encodings/index.js
D  node_modules/iconv-lite/encodings/internal.js
D  node_modules/iconv-lite/encodings/sbcs-codec.js
D  node_modules/iconv-lite/encodings/sbcs-data-generated.js
D  node_modules/iconv-lite/encodings/sbcs-data.js
D  node_modules/iconv-lite/encodings/tables/big5-added.json
D  node_modules/iconv-lite/encodings/tables/cp936.json
D  node_modules/iconv-lite/encodings/tables/cp949.json
D  node_modules/iconv-lite/encodings/tables/cp950.json
D  node_modules/iconv-lite/encodings/tables/eucjp.json
D  node_modules/iconv-lite/encodings/tables/gb18030-ranges.json
D  node_modules/iconv-lite/encodings/tables/gbk-added.json
D  node_modules/iconv-lite/encodings/tables/shiftjis.json
D  node_modules/iconv-lite/encodings/utf16.js
D  node_modules/iconv-lite/encodings/utf7.js
D  node_modules/iconv-lite/lib/bom-handling.js
D  node_modules/iconv-lite/lib/extend-node.js
D  node_modules/iconv-lite/lib/index.d.ts
D  node_modules/iconv-lite/lib/index.js
D  node_modules/iconv-lite/lib/streams.js
D  node_modules/iconv-lite/package.json
D  node_modules/inherits/LICENSE
D  node_modules/inherits/README.md
D  node_modules/inherits/inherits.js
D  node_modules/inherits/inherits_browser.js
D  node_modules/inherits/package.json
D  node_modules/ipaddr.js/LICENSE
D  node_modules/ipaddr.js/README.md
D  node_modules/ipaddr.js/ipaddr.min.js
D  node_modules/ipaddr.js/lib/ipaddr.js
D  node_modules/ipaddr.js/lib/ipaddr.js.d.ts
D  node_modules/ipaddr.js/package.json
D  node_modules/math-intrinsics/.eslintrc
D  node_modules/math-intrinsics/.github/FUNDING.yml
D  node_modules/math-intrinsics/CHANGELOG.md
D  node_modules/math-intrinsics/LICENSE
D  node_modules/math-intrinsics/README.md
D  node_modules/math-intrinsics/abs.d.ts
D  node_modules/math-intrinsics/abs.js
D  node_modules/math-intrinsics/constants/maxArrayLength.d.ts
D  node_modules/math-intrinsics/constants/maxArrayLength.js
D  node_modules/math-intrinsics/constants/maxSafeInteger.d.ts
D  node_modules/math-intrinsics/constants/maxSafeInteger.js
D  node_modules/math-intrinsics/constants/maxValue.d.ts
D  node_modules/math-intrinsics/constants/maxValue.js
D  node_modules/math-intrinsics/floor.d.ts
D  node_modules/math-intrinsics/floor.js
D  node_modules/math-intrinsics/isFinite.d.ts
D  node_modules/math-intrinsics/isFinite.js
D  node_modules/math-intrinsics/isInteger.d.ts
D  node_modules/math-intrinsics/isInteger.js
D  node_modules/math-intrinsics/isNaN.d.ts
D  node_modules/math-intrinsics/isNaN.js
D  node_modules/math-intrinsics/isNegativeZero.d.ts
D  node_modules/math-intrinsics/isNegativeZero.js
D  node_modules/math-intrinsics/max.d.ts
D  node_modules/math-intrinsics/max.js
D  node_modules/math-intrinsics/min.d.ts
D  node_modules/math-intrinsics/min.js
D  node_modules/math-intrinsics/mod.d.ts
D  node_modules/math-intrinsics/mod.js
D  node_modules/math-intrinsics/package.json
D  node_modules/math-intrinsics/pow.d.ts
D  node_modules/math-intrinsics/pow.js
D  node_modules/math-intrinsics/round.d.ts
D  node_modules/math-intrinsics/round.js
D  node_modules/math-intrinsics/sign.d.ts
D  node_modules/math-intrinsics/sign.js
D  node_modules/math-intrinsics/test/index.js
D  node_modules/math-intrinsics/tsconfig.json
D  node_modules/media-typer/HISTORY.md
D  node_modules/media-typer/LICENSE
D  node_modules/media-typer/README.md
D  node_modules/media-typer/index.js
D  node_modules/media-typer/package.json
D  node_modules/merge-descriptors/HISTORY.md
D  node_modules/merge-descriptors/LICENSE
D  node_modules/merge-descriptors/README.md
D  node_modules/merge-descriptors/index.js
D  node_modules/merge-descriptors/package.json
D  node_modules/methods/HISTORY.md
D  node_modules/methods/LICENSE
D  node_modules/methods/README.md
D  node_modules/methods/index.js
D  node_modules/methods/package.json
D  node_modules/mime-db/HISTORY.md
D  node_modules/mime-db/LICENSE
D  node_modules/mime-db/README.md
D  node_modules/mime-db/db.json
D  node_modules/mime-db/index.js
D  node_modules/mime-db/package.json
D  node_modules/mime-types/HISTORY.md
D  node_modules/mime-types/LICENSE
D  node_modules/mime-types/README.md
D  node_modules/mime-types/index.js
D  node_modules/mime-types/package.json
D  node_modules/mime/.npmignore
D  node_modules/mime/CHANGELOG.md
D  node_modules/mime/LICENSE
D  node_modules/mime/README.md
D  node_modules/mime/cli.js
D  node_modules/mime/mime.js
D  node_modules/mime/package.json
D  node_modules/mime/src/build.js
D  node_modules/mime/src/test.js
D  node_modules/mime/types.json
D  node_modules/ms/index.js
D  node_modules/ms/license.md
D  node_modules/ms/package.json
D  node_modules/ms/readme.md
D  node_modules/negotiator/HISTORY.md
D  node_modules/negotiator/LICENSE
D  node_modules/negotiator/README.md
D  node_modules/negotiator/index.js
D  node_modules/negotiator/lib/charset.js
D  node_modules/negotiator/lib/encoding.js
D  node_modules/negotiator/lib/language.js
D  node_modules/negotiator/lib/mediaType.js
D  node_modules/negotiator/package.json
D  node_modules/object-assign/index.js
D  node_modules/object-assign/license
D  node_modules/object-assign/package.json
D  node_modules/object-assign/readme.md
D  node_modules/object-inspect/.eslintrc
D  node_modules/object-inspect/.github/FUNDING.yml
D  node_modules/object-inspect/.nycrc
D  node_modules/object-inspect/CHANGELOG.md
D  node_modules/object-inspect/LICENSE
D  node_modules/object-inspect/example/all.js
D  node_modules/object-inspect/example/circular.js
D  node_modules/object-inspect/example/fn.js
D  node_modules/object-inspect/example/inspect.js
D  node_modules/object-inspect/index.js
D  node_modules/object-inspect/package-support.json
D  node_modules/object-inspect/package.json
D  node_modules/object-inspect/readme.markdown
D  node_modules/object-inspect/test-core-js.js
D  node_modules/object-inspect/test/bigint.js
D  node_modules/object-inspect/test/browser/dom.js
D  node_modules/object-inspect/test/circular.js
D  node_modules/object-inspect/test/deep.js
D  node_modules/object-inspect/test/element.js
D  node_modules/object-inspect/test/err.js
D  node_modules/object-inspect/test/fakes.js
D  node_modules/object-inspect/test/fn.js
D  node_modules/object-inspect/test/global.js
D  node_modules/object-inspect/test/has.js
D  node_modules/object-inspect/test/holes.js
D  node_modules/object-inspect/test/indent-option.js
D  node_modules/object-inspect/test/inspect.js
D  node_modules/object-inspect/test/lowbyte.js
D  node_modules/object-inspect/test/number.js
D  node_modules/object-inspect/test/quoteStyle.js
D  node_modules/object-inspect/test/toStringTag.js
D  node_modules/object-inspect/test/undef.js
D  node_modules/object-inspect/test/values.js
D  node_modules/object-inspect/util.inspect.js
D  node_modules/on-finished/HISTORY.md
D  node_modules/on-finished/LICENSE
D  node_modules/on-finished/README.md
D  node_modules/on-finished/index.js
D  node_modules/on-finished/package.json
D  node_modules/parseurl/HISTORY.md
D  node_modules/parseurl/LICENSE
D  node_modules/parseurl/README.md
D  node_modules/parseurl/index.js
D  node_modules/parseurl/package.json
D  node_modules/path-to-regexp/LICENSE
D  node_modules/path-to-regexp/Readme.md
D  node_modules/path-to-regexp/index.js
D  node_modules/path-to-regexp/package.json
D  node_modules/proxy-addr/HISTORY.md
D  node_modules/proxy-addr/LICENSE
D  node_modules/proxy-addr/README.md
D  node_modules/proxy-addr/index.js
D  node_modules/proxy-addr/package.json
D  node_modules/qs/.editorconfig
D  node_modules/qs/.eslintrc
D  node_modules/qs/.github/FUNDING.yml
D  node_modules/qs/.nycrc
D  node_modules/qs/CHANGELOG.md
D  node_modules/qs/LICENSE.md
D  node_modules/qs/README.md
D  node_modules/qs/dist/qs.js
D  node_modules/qs/lib/formats.js
D  node_modules/qs/lib/index.js
D  node_modules/qs/lib/parse.js
D  node_modules/qs/lib/stringify.js
D  node_modules/qs/lib/utils.js
D  node_modules/qs/package.json
D  node_modules/qs/test/empty-keys-cases.js
D  node_modules/qs/test/parse.js
D  node_modules/qs/test/stringify.js
D  node_modules/qs/test/utils.js
D  node_modules/range-parser/HISTORY.md
D  node_modules/range-parser/LICENSE
D  node_modules/range-parser/README.md
D  node_modules/range-parser/index.js
D  node_modules/range-parser/package.json
D  node_modules/raw-body/HISTORY.md
D  node_modules/raw-body/LICENSE
D  node_modules/raw-body/README.md
D  node_modules/raw-body/SECURITY.md
D  node_modules/raw-body/index.d.ts
D  node_modules/raw-body/index.js
D  node_modules/raw-body/package.json
D  node_modules/safe-buffer/LICENSE
D  node_modules/safe-buffer/README.md
D  node_modules/safe-buffer/index.d.ts
D  node_modules/safe-buffer/index.js
D  node_modules/safe-buffer/package.json
D  node_modules/safer-buffer/LICENSE
D  node_modules/safer-buffer/Porting-Buffer.md
D  node_modules/safer-buffer/Readme.md
D  node_modules/safer-buffer/dangerous.js
D  node_modules/safer-buffer/package.json
D  node_modules/safer-buffer/safer.js
D  node_modules/safer-buffer/tests.js
D  node_modules/send/HISTORY.md
D  node_modules/send/LICENSE
D  node_modules/send/README.md
D  node_modules/send/SECURITY.md
D  node_modules/send/index.js
D  node_modules/send/node_modules/encodeurl/HISTORY.md
D  node_modules/send/node_modules/encodeurl/LICENSE
D  node_modules/send/node_modules/encodeurl/README.md
D  node_modules/send/node_modules/encodeurl/index.js
D  node_modules/send/node_modules/encodeurl/package.json
D  node_modules/send/node_modules/ms/index.js
D  node_modules/send/node_modules/ms/license.md
D  node_modules/send/node_modules/ms/package.json
D  node_modules/send/node_modules/ms/readme.md
D  node_modules/send/package.json
D  node_modules/serve-static/HISTORY.md
D  node_modules/serve-static/LICENSE
D  node_modules/serve-static/README.md
D  node_modules/serve-static/index.js
D  node_modules/serve-static/package.json
D  node_modules/setprototypeof/LICENSE
D  node_modules/setprototypeof/README.md
D  node_modules/setprototypeof/index.d.ts
D  node_modules/setprototypeof/index.js
D  node_modules/setprototypeof/package.json
D  node_modules/setprototypeof/test/index.js
D  node_modules/side-channel-list/.editorconfig
D  node_modules/side-channel-list/.eslintrc
D  node_modules/side-channel-list/.github/FUNDING.yml
D  node_modules/side-channel-list/.nycrc
D  node_modules/side-channel-list/CHANGELOG.md
D  node_modules/side-channel-list/LICENSE
D  node_modules/side-channel-list/README.md
D  node_modules/side-channel-list/index.d.ts
D  node_modules/side-channel-list/index.js
D  node_modules/side-channel-list/list.d.ts
D  node_modules/side-channel-list/package.json
D  node_modules/side-channel-list/test/index.js
D  node_modules/side-channel-list/tsconfig.json
D  node_modules/side-channel-map/.editorconfig
D  node_modules/side-channel-map/.eslintrc
D  node_modules/side-channel-map/.github/FUNDING.yml
D  node_modules/side-channel-map/.nycrc
D  node_modules/side-channel-map/CHANGELOG.md
D  node_modules/side-channel-map/LICENSE
D  node_modules/side-channel-map/README.md
D  node_modules/side-channel-map/index.d.ts
D  node_modules/side-channel-map/index.js
D  node_modules/side-channel-map/package.json
D  node_modules/side-channel-map/test/index.js
D  node_modules/side-channel-map/tsconfig.json
D  node_modules/side-channel-weakmap/.editorconfig
D  node_modules/side-channel-weakmap/.eslintrc
D  node_modules/side-channel-weakmap/.github/FUNDING.yml
D  node_modules/side-channel-weakmap/.nycrc
D  node_modules/side-channel-weakmap/CHANGELOG.md
D  node_modules/side-channel-weakmap/LICENSE
D  node_modules/side-channel-weakmap/README.md
D  node_modules/side-channel-weakmap/index.d.ts
D  node_modules/side-channel-weakmap/index.js
D  node_modules/side-channel-weakmap/package.json
D  node_modules/side-channel-weakmap/test/index.js
D  node_modules/side-channel-weakmap/tsconfig.json
D  node_modules/side-channel/.editorconfig
D  node_modules/side-channel/.eslintrc
D  node_modules/side-channel/.github/FUNDING.yml
D  node_modules/side-channel/.nycrc
D  node_modules/side-channel/CHANGELOG.md
D  node_modules/side-channel/LICENSE
D  node_modules/side-channel/README.md
D  node_modules/side-channel/index.d.ts
D  node_modules/side-channel/index.js
D  node_modules/side-channel/package.json
D  node_modules/side-channel/test/index.js
D  node_modules/side-channel/tsconfig.json
D  node_modules/socket.io-adapter/LICENSE
D  node_modules/socket.io-adapter/Readme.md
D  node_modules/socket.io-adapter/dist/cluster-adapter.d.ts
D  node_modules/socket.io-adapter/dist/cluster-adapter.js
D  node_modules/socket.io-adapter/dist/contrib/yeast.d.ts
D  node_modules/socket.io-adapter/dist/contrib/yeast.js
D  node_modules/socket.io-adapter/dist/in-memory-adapter.d.ts
D  node_modules/socket.io-adapter/dist/in-memory-adapter.js
D  node_modules/socket.io-adapter/dist/index.d.ts
D  node_modules/socket.io-adapter/dist/index.js
D  node_modules/socket.io-adapter/node_modules/debug/LICENSE
D  node_modules/socket.io-adapter/node_modules/debug/README.md
D  node_modules/socket.io-adapter/node_modules/debug/package.json
D  node_modules/socket.io-adapter/node_modules/debug/src/browser.js
D  node_modules/socket.io-adapter/node_modules/debug/src/common.js
D  node_modules/socket.io-adapter/node_modules/debug/src/index.js
D  node_modules/socket.io-adapter/node_modules/debug/src/node.js
D  node_modules/socket.io-adapter/node_modules/ms/index.js
D  node_modules/socket.io-adapter/node_modules/ms/license.md
D  node_modules/socket.io-adapter/node_modules/ms/package.json
D  node_modules/socket.io-adapter/node_modules/ms/readme.md
D  node_modules/socket.io-adapter/package.json
D  node_modules/socket.io-parser/LICENSE
D  node_modules/socket.io-parser/Readme.md
D  node_modules/socket.io-parser/build/cjs/binary.d.ts
D  node_modules/socket.io-parser/build/cjs/binary.js
D  node_modules/socket.io-parser/build/cjs/index.d.ts
D  node_modules/socket.io-parser/build/cjs/index.js
D  node_modules/socket.io-parser/build/cjs/is-binary.d.ts
D  node_modules/socket.io-parser/build/cjs/is-binary.js
D  node_modules/socket.io-parser/build/cjs/package.json
D  node_modules/socket.io-parser/build/esm-debug/binary.d.ts
D  node_modules/socket.io-parser/build/esm-debug/binary.js
D  node_modules/socket.io-parser/build/esm-debug/index.d.ts
D  node_modules/socket.io-parser/build/esm-debug/index.js
D  node_modules/socket.io-parser/build/esm-debug/is-binary.d.ts
D  node_modules/socket.io-parser/build/esm-debug/is-binary.js
D  node_modules/socket.io-parser/build/esm-debug/package.json
D  node_modules/socket.io-parser/build/esm/binary.d.ts
D  node_modules/socket.io-parser/build/esm/binary.js
D  node_modules/socket.io-parser/build/esm/index.d.ts
D  node_modules/socket.io-parser/build/esm/index.js
D  node_modules/socket.io-parser/build/esm/is-binary.d.ts
D  node_modules/socket.io-parser/build/esm/is-binary.js
D  node_modules/socket.io-parser/build/esm/package.json
D  node_modules/socket.io-parser/node_modules/debug/LICENSE
D  node_modules/socket.io-parser/node_modules/debug/README.md
D  node_modules/socket.io-parser/node_modules/debug/package.json
D  node_modules/socket.io-parser/node_modules/debug/src/browser.js
D  node_modules/socket.io-parser/node_modules/debug/src/common.js
D  node_modules/socket.io-parser/node_modules/debug/src/index.js
D  node_modules/socket.io-parser/node_modules/debug/src/node.js
D  node_modules/socket.io-parser/node_modules/ms/index.js
D  node_modules/socket.io-parser/node_modules/ms/license.md
D  node_modules/socket.io-parser/node_modules/ms/package.json
D  node_modules/socket.io-parser/node_modules/ms/readme.md
D  node_modules/socket.io-parser/package.json
D  node_modules/socket.io/LICENSE
D  node_modules/socket.io/Readme.md
D  node_modules/socket.io/client-dist/socket.io.esm.min.js
D  node_modules/socket.io/client-dist/socket.io.esm.min.js.map
D  node_modules/socket.io/client-dist/socket.io.js
D  node_modules/socket.io/client-dist/socket.io.js.map
D  node_modules/socket.io/client-dist/socket.io.min.js
D  node_modules/socket.io/client-dist/socket.io.min.js.map
D  node_modules/socket.io/client-dist/socket.io.msgpack.min.js
D  node_modules/socket.io/client-dist/socket.io.msgpack.min.js.map
D  node_modules/socket.io/dist/broadcast-operator.d.ts
D  node_modules/socket.io/dist/broadcast-operator.js
D  node_modules/socket.io/dist/client.d.ts
D  node_modules/socket.io/dist/client.js
D  node_modules/socket.io/dist/index.d.ts
D  node_modules/socket.io/dist/index.js
D  node_modules/socket.io/dist/namespace.d.ts
D  node_modules/socket.io/dist/namespace.js
D  node_modules/socket.io/dist/parent-namespace.d.ts
D  node_modules/socket.io/dist/parent-namespace.js
D  node_modules/socket.io/dist/socket-types.d.ts
D  node_modules/socket.io/dist/socket-types.js
D  node_modules/socket.io/dist/socket.d.ts
D  node_modules/socket.io/dist/socket.js
D  node_modules/socket.io/dist/typed-events.d.ts
D  node_modules/socket.io/dist/typed-events.js
D  node_modules/socket.io/dist/uws.d.ts
D  node_modules/socket.io/dist/uws.js
D  node_modules/socket.io/node_modules/debug/LICENSE
D  node_modules/socket.io/node_modules/debug/README.md
D  node_modules/socket.io/node_modules/debug/package.json
D  node_modules/socket.io/node_modules/debug/src/browser.js
D  node_modules/socket.io/node_modules/debug/src/common.js
D  node_modules/socket.io/node_modules/debug/src/index.js
D  node_modules/socket.io/node_modules/debug/src/node.js
D  node_modules/socket.io/node_modules/ms/index.js
D  node_modules/socket.io/node_modules/ms/license.md
D  node_modules/socket.io/node_modules/ms/package.json
D  node_modules/socket.io/node_modules/ms/readme.md
D  node_modules/socket.io/package.json
D  node_modules/socket.io/wrapper.mjs
D  node_modules/statuses/HISTORY.md
D  node_modules/statuses/LICENSE
D  node_modules/statuses/README.md
D  node_modules/statuses/codes.json
D  node_modules/statuses/index.js
D  node_modules/statuses/package.json
D  node_modules/toidentifier/HISTORY.md
D  node_modules/toidentifier/LICENSE
D  node_modules/toidentifier/README.md
D  node_modules/toidentifier/index.js
D  node_modules/toidentifier/package.json
D  node_modules/type-is/HISTORY.md
D  node_modules/type-is/LICENSE
D  node_modules/type-is/README.md
D  node_modules/type-is/index.js
D  node_modules/type-is/package.json
D  node_modules/undici-types/LICENSE
D  node_modules/undici-types/README.md
D  node_modules/undici-types/agent.d.ts
D  node_modules/undici-types/api.d.ts
D  node_modules/undici-types/balanced-pool.d.ts
D  node_modules/undici-types/cache-interceptor.d.ts
D  node_modules/undici-types/cache.d.ts
D  node_modules/undici-types/client-stats.d.ts
D  node_modules/undici-types/client.d.ts
D  node_modules/undici-types/connector.d.ts
D  node_modules/undici-types/content-type.d.ts
D  node_modules/undici-types/cookies.d.ts
D  node_modules/undici-types/diagnostics-channel.d.ts
D  node_modules/undici-types/dispatcher.d.ts
D  node_modules/undici-types/env-http-proxy-agent.d.ts
D  node_modules/undici-types/errors.d.ts
D  node_modules/undici-types/eventsource.d.ts
D  node_modules/undici-types/fetch.d.ts
D  node_modules/undici-types/formdata.d.ts
D  node_modules/undici-types/global-dispatcher.d.ts
D  node_modules/undici-types/global-origin.d.ts
D  node_modules/undici-types/h2c-client.d.ts
D  node_modules/undici-types/handlers.d.ts
D  node_modules/undici-types/header.d.ts
D  node_modules/undici-types/index.d.ts
D  node_modules/undici-types/interceptors.d.ts
D  node_modules/undici-types/mock-agent.d.ts
D  node_modules/undici-types/mock-call-history.d.ts
D  node_modules/undici-types/mock-client.d.ts
D  node_modules/undici-types/mock-errors.d.ts
D  node_modules/undici-types/mock-interceptor.d.ts
D  node_modules/undici-types/mock-pool.d.ts
D  node_modules/undici-types/package.json
D  node_modules/undici-types/patch.d.ts
D  node_modules/undici-types/pool-stats.d.ts
D  node_modules/undici-types/pool.d.ts
D  node_modules/undici-types/proxy-agent.d.ts
D  node_modules/undici-types/readable.d.ts
D  node_modules/undici-types/retry-agent.d.ts
D  node_modules/undici-types/retry-handler.d.ts
D  node_modules/undici-types/util.d.ts
D  node_modules/undici-types/utility.d.ts
D  node_modules/undici-types/webidl.d.ts
D  node_modules/undici-types/websocket.d.ts
D  node_modules/unpipe/HISTORY.md
D  node_modules/unpipe/LICENSE
D  node_modules/unpipe/README.md
D  node_modules/unpipe/index.js
D  node_modules/unpipe/package.json
D  node_modules/utils-merge/.npmignore
D  node_modules/utils-merge/LICENSE
D  node_modules/utils-merge/README.md
D  node_modules/utils-merge/index.js
D  node_modules/utils-merge/package.json
D  node_modules/vary/HISTORY.md
D  node_modules/vary/LICENSE
D  node_modules/vary/README.md
D  node_modules/vary/index.js
D  node_modules/vary/package.json
D  node_modules/ws/LICENSE
D  node_modules/ws/README.md
D  node_modules/ws/browser.js
D  node_modules/ws/index.js
D  node_modules/ws/lib/buffer-util.js
D  node_modules/ws/lib/constants.js
D  node_modules/ws/lib/event-target.js
D  node_modules/ws/lib/extension.js
D  node_modules/ws/lib/limiter.js
D  node_modules/ws/lib/permessage-deflate.js
D  node_modules/ws/lib/receiver.js
D  node_modules/ws/lib/sender.js
D  node_modules/ws/lib/stream.js
D  node_modules/ws/lib/subprotocol.js
D  node_modules/ws/lib/validation.js
D  node_modules/ws/lib/websocket-server.js
D  node_modules/ws/lib/websocket.js
D  node_modules/ws/package.json
D  node_modules/ws/wrapper.mjs
 M package-lock.json
 M package.json
 M public/index.html
 M server.js
?? .env.example
?? .github/
?? .logs/
?? tests/
?? update.sh

=== local changes detected ===
